

############################
Tue Jan 23 17:00:35 CST 2018
/Users/ach3377/Dropbox_LewPeaLab/STUDY/FearCon/CodeBase
/Applications/freesurfer/tktools/tksurfer.bin fcaverage rh inflated 
############################


############################
Tue Jan 23 17:01:03 CST 2018
/Users/ach3377/Dropbox_LewPeaLab/STUDY/FearCon/CodeBase
/Applications/freesurfer/tktools/tksurfer.bin fcaverage rh inflated 
############################


############################
Tue Jan 23 17:03:04 CST 2018
/Users/ach3377/Dropbox_LewPeaLab/STUDY/FearCon/CodeBase
/Applications/freesurfer/tktools/tksurfer.bin Sub001fs rh inflated 
############################


############################
Tue Jan 23 17:03:24 CST 2018
/Users/ach3377/Dropbox_LewPeaLab/STUDY/FearCon/CodeBase
/Applications/freesurfer/tktools/tksurfer.bin Sub001fs rh inflated 
############################


############################
Tue Jan 23 17:03:43 CST 2018
/Users/ach3377/Dropbox_LewPeaLab/STUDY/FearCon/CodeBase
/Applications/freesurfer/tktools/tksurfer.bin Sub001fs rh inflated 
############################


############################
Tue Jan 23 17:04:26 CST 2018
/Users/ach3377/Dropbox_LewPeaLab/STUDY/FearCon/CodeBase
/Applications/freesurfer/tktools/tksurfer.bin Sub001fs rh inflated 
############################


############################
Tue Jan 23 17:04:55 CST 2018
/Users/ach3377/Dropbox_LewPeaLab/STUDY/FearCon/CodeBase
/Applications/freesurfer/tktools/tksurfer.bin Sub001fs rh inflated fusifrom.label 
############################


############################
Tue Jan 23 17:09:18 CST 2018
/Users/ach3377/Dropbox_LewPeaLab/STUDY/FearCon/CodeBase
/Applications/freesurfer/tktools/tksurfer.bin Sub001fs rh inflated 
############################


############################
Tue Jan 23 17:12:58 CST 2018
/Users/ach3377/Dropbox_LewPeaLab/STUDY/FearCon/CodeBase
/Applications/freesurfer/tktools/tksurfer.bin Sub001fs rh inflated fusiform 
############################


############################
Tue Jan 23 17:14:54 CST 2018
/Users/ach3377/Dropbox_LewPeaLab/STUDY/FearCon/CodeBase
/Applications/freesurfer/tktools/tksurfer.bin Sub001fs rh inflated 
############################
